<?xml version="1.0" encoding="utf-8"?><testsuites name="pytest tests"><testsuite name="pytest" errors="0" failures="1" skipped="0" tests="9" time="8.729" timestamp="2026-08-16T08:42:47.660671+00:00" hostname="agent-env-32b6130e-aa37-4e39-adf4-80664b6ba9ec"><testcase classname="test_iter6_ffmpeg_fallback" name="test_ffmpeg_pipe_source_lavfi_multiple_frames" time="0.413" /><testcase classname="test_iter6_ffmpeg_fallback" name="test_ffmpeg_err_and_camera_log_written" time="0.011"><failure message="AssertionError: assert 'OK first frame' in '2026-08-16T08:42:48 | ffmpeg-pipe: starting\n'">test_iter6_ffmpeg_fallback.py:65: in test_ffmpeg_err_and_camera_log_written
    assert "OK first frame" in tail
E   AssertionError: assert 'OK first frame' in '2026-08-16T08:42:48 | ffmpeg-pipe: starting\n'</failure></testcase><testcase classname="test_iter6_ffmpeg_fallback" name="test_try_ffmpeg_pipe_unreachable_returns_false_fast" time="5.009" /><testcase classname="test_iter6_ffmpeg_fallback" name="test_probe_rtsp_source_has_ffmpeg_step" time="0.002" /><testcase classname="test_iter6_ffmpeg_fallback" name="test_probe_rtsp_unreachable_still_early_returns" time="3.005" /><testcase classname="test_iter6_ffmpeg_fallback" name="test_main_py_ffmpeg_fallback_wiring" time="0.005" /><testcase classname="test_iter6_ffmpeg_fallback" name="test_requirements_has_imageio_ffmpeg" time="0.000" /><testcase classname="test_iter6_ffmpeg_fallback" name="test_workflow_collect_binaries_and_yaml_valid" time="0.012" /><testcase classname="test_iter6_ffmpeg_fallback" name="test_readme_pyinstaller_collect_binaries" time="0.000" /></testsuite></testsuites>