<?xml version="1.0" encoding="utf-8"?><testsuites name="pytest tests"><testsuite name="pytest" errors="0" failures="0" skipped="0" tests="21" time="14.388" timestamp="2026-08-16T08:41:55.565730+00:00" hostname="agent-env-32b6130e-aa37-4e39-adf4-80664b6ba9ec"><testcase classname="test_engine" name="test_line_crossing_logs_event" time="0.130" /><testcase classname="test_engine" name="test_direction_mapping" time="0.000" /><testcase classname="test_engine" name="test_tracker_ids_persist" time="0.000" /><testcase classname="test_engine" name="test_real_yolo_if_available" time="2.567" /><testcase classname="test_engine" name="test_auth_password" time="0.184" /><testcase classname="test_engine" name="test_whatsapp_payload" time="0.001" /><testcase classname="test_engine" name="test_whatsapp_disabled_noop" time="0.201" /><testcase classname="test_engine" name="test_updater_version_compare" time="0.001" /><testcase classname="test_engine" name="test_normalize_rtsp_url" time="0.001" /><testcase classname="test_engine" name="test_probe_rtsp" time="3.004" /><testcase classname="test_engine" name="test_updater_404_and_default_repo" time="0.001" /><testcase classname="test_engine" name="test_ffmpeg_pipe_source" time="0.021" /><testcase classname="test_engine" name="test_updater_pick_asset" time="0.001" /><testcase classname="test_engine" name="test_updater_zip_root" time="0.001" /><testcase classname="test_engine" name="test_whatsapp_image_sendfile" time="0.001" /><testcase classname="test_iter5_diagnostics" name="test_ffmpeg_opts_contents" time="0.000" /><testcase classname="test_iter5_diagnostics" name="test_try_capture_sets_env_and_default_wait" time="5.007" /><testcase classname="test_iter5_diagnostics" name="test_try_capture_no_frames_message_includes_wait" time="0.001" /><testcase classname="test_iter5_diagnostics" name="test_clog_writes_timestamped" time="0.001" /><testcase classname="test_iter5_diagnostics" name="test_probe_writes_start_and_unreachable" time="3.004" /><testcase classname="test_iter5_diagnostics" name="test_main_py_inspection" time="0.006" /></testsuite></testsuites>