<?xml version="1.0" encoding="utf-8"?><testsuites name="pytest tests"><testsuite name="pytest" errors="0" failures="0" skipped="0" tests="19" time="0.511" timestamp="2026-08-17T07:19:57.709551+00:00" hostname="agent-env-32b6130e-aa37-4e39-adf4-80664b6ba9ec"><testcase classname="test_iter7_updater_private_repo" name="test_check_latest_404_returns_empty" time="0.000" /><testcase classname="test_iter7_updater_private_repo" name="test_check_latest_403_raises_helpful" time="0.000" /><testcase classname="test_iter7_updater_private_repo" name="test_check_latest_401_raises_helpful" time="0.000" /><testcase classname="test_iter7_updater_private_repo" name="test_check_latest_500_raises" time="0.000" /><testcase classname="test_iter7_updater_private_repo" name="test_check_latest_token_uses_api_asset_url_and_strips_tag" time="0.000" /><testcase classname="test_iter7_updater_private_repo" name="test_check_latest_no_token_uses_browser_download_url" time="0.000" /><testcase classname="test_iter7_updater_private_repo" name="test_api_sends_bearer_when_token" time="0.000" /><testcase classname="test_iter7_updater_private_repo" name="test_download_sends_bearer_and_octet" time="0.004" /><testcase classname="test_iter7_updater_private_repo" name="test_live_microsoft_terminal_has_release" time="0.182" /><testcase classname="test_iter7_updater_private_repo" name="test_live_repo_without_releases_returns_empty" time="0.193" /><testcase classname="test_iter7_updater_private_repo" name="test_main_py_compiles" time="0.038" /><testcase classname="test_iter7_updater_private_repo" name="test_main_updates_tab_has_gh_token_input" time="0.000" /><testcase classname="test_iter7_updater_private_repo" name="test_main_no_repo_input_in_updates_tab" time="0.000" /><testcase classname="test_iter7_updater_private_repo" name="test_main_save_persists_gh_token" time="0.000" /><testcase classname="test_iter7_updater_private_repo" name="test_main_check_update_passes_token" time="0.000" /><testcase classname="test_iter7_updater_private_repo" name="test_main_no_release_dialog_mentions_private_and_token_steps" time="0.000" /><testcase classname="test_iter7_updater_private_repo" name="test_config_defaults_has_gh_token" time="0.000" /><testcase classname="test_iter7_updater_private_repo" name="test_updater_has_sed_target_lines" time="0.000" /><testcase classname="test_iter7_updater_private_repo" name="test_updater_sed_bake_simulation" time="0.010" /></testsuite></testsuites>