<?xml version="1.0" encoding="utf-8"?><testsuites name="pytest tests"><testsuite name="pytest" errors="0" failures="0" skipped="0" tests="13" time="6.232" timestamp="2026-08-14T09:12:09.495168+00:00" hostname="agent-env-32b6130e-aa37-4e39-adf4-80664b6ba9ec"><testcase classname="test_engine" name="test_line_crossing_logs_event" time="0.105" /><testcase classname="test_engine" name="test_direction_mapping" time="0.000" /><testcase classname="test_engine" name="test_tracker_ids_persist" time="0.000" /><testcase classname="test_engine" name="test_real_yolo_if_available" time="2.480" /><testcase classname="test_engine" name="test_auth_password" time="0.213" /><testcase classname="test_engine" name="test_whatsapp_payload" time="0.001" /><testcase classname="test_engine" name="test_whatsapp_disabled_noop" time="0.201" /><testcase classname="test_engine" name="test_updater_version_compare" time="0.001" /><testcase classname="test_engine" name="test_normalize_rtsp_url" time="0.001" /><testcase classname="test_engine" name="test_probe_rtsp" time="3.004" /><testcase classname="test_engine" name="test_updater_pick_asset" time="0.001" /><testcase classname="test_engine" name="test_updater_zip_root" time="0.001" /><testcase classname="test_engine" name="test_whatsapp_image_sendfile" time="0.001" /></testsuite></testsuites>