<?xml version="1.0" encoding="utf-8"?><testsuites name="pytest tests"><testsuite name="pytest" errors="0" failures="0" skipped="0" tests="22" time="64.408" timestamp="2026-09-04T07:48:16.528609+00:00" hostname="agent-env-32b6130e-aa37-4e39-adf4-80664b6ba9ec"><testcase classname="test_plate_ocr" name="test_repair_plate_confusions_and_rejections" time="0.000" /><testcase classname="test_plate_ocr" name="test_group_lines_merges_two_row_plate" time="0.000" /><testcase classname="test_plate_ocr" name="test_read_many_acceptance_rules" time="0.000" /><testcase classname="test_plate_ocr" name="test_engine_runs_one_ocr_job_at_a_time" time="0.994" /><testcase classname="test_plate_ocr" name="test_easyocr_reads_synthetic_plates[lines0-MH12AB1234]" time="8.822" /><testcase classname="test_plate_ocr" name="test_easyocr_reads_synthetic_plates[lines1-DL07CD5678]" time="5.800" /><testcase classname="test_plate_ocr" name="test_easyocr_reads_synthetic_plates[lines2-KA01MJ2022]" time="5.910" /><testcase classname="test_plate_ocr" name="test_easyocr_handles_small_big_and_blurred_crops" time="9.587" /><testcase classname="test_plate_ocr" name="test_easyocr_truncated_plate_is_not_detected" time="6.506" /><testcase classname="test_plate_ocr" name="test_easyocr_returns_not_detected_for_non_plate_text" time="7.988" /><testcase classname="test_plate_ocr" name="test_voting_prefers_plate_seen_in_two_crops" time="11.315" /><testcase classname="tests.test_iter14_plate_12h" name="test_direct_format_and_crop_suite" time="0.746" /><testcase classname="tests.test_iter14_plate_12h" name="test_plate_reader_warmup" time="1.966" /><testcase classname="tests.test_iter14_plate_12h" name="test_plate_reader_reads_synthetic_plate" time="1.977" /><testcase classname="tests.test_iter14_plate_12h" name="test_plate_reader_truncated_plate_is_not_detected" time="1.612" /><testcase classname="tests.test_iter14_plate_12h" name="test_engine_e2e_event_flow" time="0.029" /><testcase classname="tests.test_iter14_plate_12h" name="test_seeded_event_appears_in_api_with_plate" time="0.359" /><testcase classname="tests.test_iter14_plate_12h" name="test_workflow_yaml_easyocr_bundling" time="0.006" /><testcase classname="tests.test_iter14_plate_12h" name="test_state_requires_auth" time="0.005" /><testcase classname="tests.test_iter14_plate_12h" name="test_state_authenticated" time="0.003" /><testcase classname="tests.test_iter14_plate_12h" name="test_frame_404_when_disconnected" time="0.576" /><testcase classname="tests.test_iter14_plate_12h" name="test_outbox_endpoint" time="0.003" /></testsuite></testsuites>