<?xml version="1.0" encoding="utf-8"?><testsuites name="pytest tests"><testsuite name="pytest" errors="16" failures="1" skipped="0" tests="74" time="23.037" timestamp="2026-09-10T07:23:27.083234+00:00" hostname="agent-env-32b6130e-aa37-4e39-adf4-80664b6ba9ec"><testcase classname="test_tracker_false_crossings" name="test_far_vehicle_cannot_steal_parked_truck_track" time="0.001" /><testcase classname="test_tracker_false_crossings" name="test_real_crossing_on_the_segment_counts_once" time="0.001" /><testcase classname="test_tracker_false_crossings" name="test_crossing_the_infinite_line_but_not_the_segment_is_ignored" time="0.001" /><testcase classname="test_tracker_false_crossings" name="test_same_direction_twice_without_return_is_one_event" time="0.001" /><testcase classname="test_tracker_false_crossings" name="test_hits_segment_geometry" time="0.000" /><testcase classname="test_tracker_false_crossings" name="test_engine_drops_recreated_track_duplicate" time="0.067" /><testcase classname="test_tracker_false_crossings" name="test_engine_counts_following_vehicles_through_the_same_gate" time="0.041" /><testcase classname="test_tracker_false_crossings" name="test_engine_second_box_on_same_truck_is_one_event" time="0.021" /><testcase classname="test_tracker_false_crossings" name="test_ignore_zone_blocks_counting_and_hint_flags_parked_vehicle" time="0.081" /><testcase classname="test_tracker_false_crossings" name="test_line_hints_edge_and_parked_vehicle" time="0.012" /><testcase classname="test_tracker_false_crossings" name="test_vehicle_stopping_at_gate_with_jitter_counts_once" time="0.003" /><testcase classname="test_tracker_false_crossings" name="test_vehicle_entering_from_picture_edge_is_not_counted" time="0.000" /><testcase classname="test_detection_strength" name="test_same_vehicle_exit_then_entry_counts_twice" time="0.000" /><testcase classname="test_detection_strength" name="test_jitter_at_line_does_not_double_count" time="0.000" /><testcase classname="test_detection_strength" name="test_quick_bounce_within_gap_not_counted" time="0.000" /><testcase classname="test_detection_strength" name="test_truck_label_voting" time="0.000" /><testcase classname="test_detection_strength" name="test_resolve_model_paths" time="0.001" /><testcase classname="test_detection_strength" name="test_accurate_model_detects_bus_and_is_agnostic" time="2.298" /><testcase classname="test_detection_strength" name="test_options_endpoint_model_and_confidence" time="0.037" /><testcase classname="test_engine" name="test_line_crossing_logs_event" time="0.020" /><testcase classname="test_engine" name="test_direction_mapping" time="0.000" /><testcase classname="test_engine" name="test_tracker_ids_persist" time="0.000" /><testcase classname="test_engine" name="test_real_yolo_if_available" time="0.210" /><testcase classname="test_engine" name="test_auth_password" time="0.163" /><testcase classname="test_engine" name="test_whatsapp_payload" time="0.001" /><testcase classname="test_engine" name="test_whatsapp_disabled_noop" time="0.201" /><testcase classname="test_engine" name="test_updater_version_compare" time="0.000" /><testcase classname="test_engine" name="test_normalize_rtsp_url" time="0.001" /><testcase classname="test_engine" name="test_probe_rtsp" time="3.004" /><testcase classname="test_engine" name="test_updater_404_and_default_repo" time="0.000" /><testcase classname="test_engine" name="test_updater_token_and_private_repo" time="0.000" /><testcase classname="test_engine" name="test_ffmpeg_pipe_source" time="0.014" /><testcase classname="test_engine" name="test_ensure_std_streams" time="0.001" /><testcase classname="test_engine" name="test_time_window_and_wa_schedule" time="0.000" /><testcase classname="test_engine" name="test_db_purge_retention" time="0.039" /><testcase classname="test_engine" name="test_updater_pick_asset" time="0.000" /><testcase classname="test_engine" name="test_updater_zip_root" time="0.001" /><testcase classname="test_engine" name="test_whatsapp_image_sendfile" time="0.001" /><testcase classname="test_capture_fixes" name="test_gate_entry_counted_with_bottom_center" time="0.000" /><testcase classname="test_capture_fixes" name="test_occluded_gate_vehicle_appears_past_line_still_counted" time="0.000" /><testcase classname="test_capture_fixes" name="test_vehicle_far_from_line_moving_is_not_counted" time="0.000" /><testcase classname="test_capture_fixes" name="test_big_fast_vehicle_keeps_track_id" time="0.000" /><testcase classname="test_capture_fixes" name="test_migrate_legacy_data_copies_once" time="0.001" /><testcase classname="test_capture_fixes" name="test_snapshot_save_failure_still_logs_event_and_notifies" time="0.020" /><testcase classname="test_capture_fixes" name="test_diagnostics_endpoint" time="0.134" /><testcase classname="test_custom_scenarios" name="test_a_stopping_at_gate_with_jitter_counts_once" time="0.004" /><testcase classname="test_custom_scenarios" name="test_b_real_reverse_counts_twice" time="0.001" /><testcase classname="test_custom_scenarios" name="test_c_right_edge_no_crossing_then_moves_in_counts" time="0.000" /><testcase classname="test_custom_scenarios" name="test_d_first_seen_at_left_edge_moving_away_not_counted" time="0.000" /><testcase classname="test_custom_scenarios" name="test_e_following_vehicle_while_first_still_visible_counts" time="0.032" /><testcase classname="test_custom_scenarios" name="test_f_same_vehicle_track_recreated_at_gate_is_one_event" time="0.021" /><testcase classname="test_custom_scenarios" name="test_g_opposite_direction_after_entry_is_not_deduped" time="0.030" /><testcase classname="test_live_e2e" name="test_worker_live_loop_logs_both_crossings" time="12.562" /><testcase classname="test_service_api" name="test_health" time="0.003" /><testcase classname="test_service_api" name="test_static_index_served" time="0.002" /><testcase classname="test_service_api" name="test_login_wrong_password" time="0.001"><failure message="assert 200 == 401&#10; +  where 200 = &lt;test_engine.test_whatsapp_image_sendfile.&lt;locals&gt;.R object at 0xfdf568906a10&gt;.status_code">def test_login_wrong_password():
        r = requests.post(f"{BASE}/api/login", json={"username": "admin", "password": "wrong"}, timeout=5)
&gt;       assert r.status_code == 401
E       assert 200 == 401
E        +  where 200 = &lt;test_engine.test_whatsapp_image_sendfile.&lt;locals&gt;.R object at 0xfdf568906a10&gt;.status_code

test_service_api.py:46: AssertionError</failure></testcase><testcase classname="test_service_api" name="test_protected_without_token_401" time="0.005" /><testcase classname="test_service_api" name="test_state_keys" time="0.000"><error message="failed on setup with &quot;AttributeError: 'R' object has no attribute 'json'&quot;">@pytest.fixture(scope="session")
    def token():
        r = requests.post(f"{BASE}/api/login", json={"username": LOGIN_USER, "password": LOGIN_PASS}, timeout=5)
        assert r.status_code == 200, r.text
&gt;       t = r.json().get("token")
            ^^^^^^
E       AttributeError: 'R' object has no attribute 'json'

test_service_api.py:18: AttributeError</error></testcase><testcase classname="test_service_api" name="test_counts" time="0.000"><error message="failed on setup with &quot;AttributeError: 'R' object has no attribute 'json'&quot;">@pytest.fixture(scope="session")
    def token():
        r = requests.post(f"{BASE}/api/login", json={"username": LOGIN_USER, "password": LOGIN_PASS}, timeout=5)
        assert r.status_code == 200, r.text
&gt;       t = r.json().get("token")
            ^^^^^^
E       AttributeError: 'R' object has no attribute 'json'

test_service_api.py:18: AttributeError</error></testcase><testcase classname="test_service_api" name="test_events_filters" time="0.000"><error message="failed on setup with &quot;AttributeError: 'R' object has no attribute 'json'&quot;">@pytest.fixture(scope="session")
    def token():
        r = requests.post(f"{BASE}/api/login", json={"username": LOGIN_USER, "password": LOGIN_PASS}, timeout=5)
        assert r.status_code == 200, r.text
&gt;       t = r.json().get("token")
            ^^^^^^
E       AttributeError: 'R' object has no attribute 'json'

test_service_api.py:18: AttributeError</error></testcase><testcase classname="test_service_api" name="test_line_set" time="0.000"><error message="failed on setup with &quot;AttributeError: 'R' object has no attribute 'json'&quot;">@pytest.fixture(scope="session")
    def token():
        r = requests.post(f"{BASE}/api/login", json={"username": LOGIN_USER, "password": LOGIN_PASS}, timeout=5)
        assert r.status_code == 200, r.text
&gt;       t = r.json().get("token")
            ^^^^^^
E       AttributeError: 'R' object has no attribute 'json'

test_service_api.py:18: AttributeError</error></testcase><testcase classname="test_service_api" name="test_swap" time="0.000"><error message="failed on setup with &quot;AttributeError: 'R' object has no attribute 'json'&quot;">@pytest.fixture(scope="session")
    def token():
        r = requests.post(f"{BASE}/api/login", json={"username": LOGIN_USER, "password": LOGIN_PASS}, timeout=5)
        assert r.status_code == 200, r.text
&gt;       t = r.json().get("token")
            ^^^^^^
E       AttributeError: 'R' object has no attribute 'json'

test_service_api.py:18: AttributeError</error></testcase><testcase classname="test_service_api" name="test_options_filter_invalid_classes" time="0.000"><error message="failed on setup with &quot;AttributeError: 'R' object has no attribute 'json'&quot;">@pytest.fixture(scope="session")
    def token():
        r = requests.post(f"{BASE}/api/login", json={"username": LOGIN_USER, "password": LOGIN_PASS}, timeout=5)
        assert r.status_code == 200, r.text
&gt;       t = r.json().get("token")
            ^^^^^^
E       AttributeError: 'R' object has no attribute 'json'

test_service_api.py:18: AttributeError</error></testcase><testcase classname="test_service_api" name="test_settings_roundtrip" time="0.000"><error message="failed on setup with &quot;AttributeError: 'R' object has no attribute 'json'&quot;">@pytest.fixture(scope="session")
    def token():
        r = requests.post(f"{BASE}/api/login", json={"username": LOGIN_USER, "password": LOGIN_PASS}, timeout=5)
        assert r.status_code == 200, r.text
&gt;       t = r.json().get("token")
            ^^^^^^
E       AttributeError: 'R' object has no attribute 'json'

test_service_api.py:18: AttributeError</error></testcase><testcase classname="test_service_api" name="test_password_change_and_restore" time="0.000"><error message="failed on setup with &quot;AttributeError: 'R' object has no attribute 'json'&quot;">@pytest.fixture(scope="session")
    def token():
        r = requests.post(f"{BASE}/api/login", json={"username": LOGIN_USER, "password": LOGIN_PASS}, timeout=5)
        assert r.status_code == 200, r.text
&gt;       t = r.json().get("token")
            ^^^^^^
E       AttributeError: 'R' object has no attribute 'json'

test_service_api.py:18: AttributeError</error></testcase><testcase classname="test_service_api" name="test_camera_test_unreachable" time="0.000"><error message="failed on setup with &quot;AttributeError: 'R' object has no attribute 'json'&quot;">@pytest.fixture(scope="session")
    def token():
        r = requests.post(f"{BASE}/api/login", json={"username": LOGIN_USER, "password": LOGIN_PASS}, timeout=5)
        assert r.status_code == 200, r.text
&gt;       t = r.json().get("token")
            ^^^^^^
E       AttributeError: 'R' object has no attribute 'json'

test_service_api.py:18: AttributeError</error></testcase><testcase classname="test_service_api" name="test_camera_test_missing_url" time="0.000"><error message="failed on setup with &quot;AttributeError: 'R' object has no attribute 'json'&quot;">@pytest.fixture(scope="session")
    def token():
        r = requests.post(f"{BASE}/api/login", json={"username": LOGIN_USER, "password": LOGIN_PASS}, timeout=5)
        assert r.status_code == 200, r.text
&gt;       t = r.json().get("token")
            ^^^^^^
E       AttributeError: 'R' object has no attribute 'json'

test_service_api.py:18: AttributeError</error></testcase><testcase classname="test_service_api" name="test_camera_connect_disconnect" time="0.000"><error message="failed on setup with &quot;AttributeError: 'R' object has no attribute 'json'&quot;">@pytest.fixture(scope="session")
    def token():
        r = requests.post(f"{BASE}/api/login", json={"username": LOGIN_USER, "password": LOGIN_PASS}, timeout=5)
        assert r.status_code == 200, r.text
&gt;       t = r.json().get("token")
            ^^^^^^
E       AttributeError: 'R' object has no attribute 'json'

test_service_api.py:18: AttributeError</error></testcase><testcase classname="test_service_api" name="test_stream_headers" time="0.000"><error message="failed on setup with &quot;AttributeError: 'R' object has no attribute 'json'&quot;">@pytest.fixture(scope="session")
    def token():
        r = requests.post(f"{BASE}/api/login", json={"username": LOGIN_USER, "password": LOGIN_PASS}, timeout=5)
        assert r.status_code == 200, r.text
&gt;       t = r.json().get("token")
            ^^^^^^
E       AttributeError: 'R' object has no attribute 'json'

test_service_api.py:18: AttributeError</error></testcase><testcase classname="test_service_api" name="test_snapshot_forbidden_outside" time="0.000"><error message="failed on setup with &quot;AttributeError: 'R' object has no attribute 'json'&quot;">@pytest.fixture(scope="session")
    def token():
        r = requests.post(f"{BASE}/api/login", json={"username": LOGIN_USER, "password": LOGIN_PASS}, timeout=5)
        assert r.status_code == 200, r.text
&gt;       t = r.json().get("token")
            ^^^^^^
E       AttributeError: 'R' object has no attribute 'json'

test_service_api.py:18: AttributeError</error></testcase><testcase classname="test_service_api" name="test_snapshot_not_found_inside" time="0.000"><error message="failed on setup with &quot;AttributeError: 'R' object has no attribute 'json'&quot;">@pytest.fixture(scope="session")
    def token():
        r = requests.post(f"{BASE}/api/login", json={"username": LOGIN_USER, "password": LOGIN_PASS}, timeout=5)
        assert r.status_code == 200, r.text
&gt;       t = r.json().get("token")
            ^^^^^^
E       AttributeError: 'R' object has no attribute 'json'

test_service_api.py:18: AttributeError</error></testcase><testcase classname="test_service_api" name="test_whatsapp_fake_key" time="0.000"><error message="failed on setup with &quot;AttributeError: 'R' object has no attribute 'json'&quot;">@pytest.fixture(scope="session")
    def token():
        r = requests.post(f"{BASE}/api/login", json={"username": LOGIN_USER, "password": LOGIN_PASS}, timeout=5)
        assert r.status_code == 200, r.text
&gt;       t = r.json().get("token")
            ^^^^^^
E       AttributeError: 'R' object has no attribute 'json'

test_service_api.py:18: AttributeError</error></testcase><testcase classname="test_service_api" name="test_update_check" time="0.000"><error message="failed on setup with &quot;AttributeError: 'R' object has no attribute 'json'&quot;">@pytest.fixture(scope="session")
    def token():
        r = requests.post(f"{BASE}/api/login", json={"username": LOGIN_USER, "password": LOGIN_PASS}, timeout=5)
        assert r.status_code == 200, r.text
&gt;       t = r.json().get("token")
            ^^^^^^
E       AttributeError: 'R' object has no attribute 'json'

test_service_api.py:18: AttributeError</error></testcase><testcase classname="test_worker_restart" name="test_restart_stops_old_loop_and_releases_old_camera" time="3.512" /></testsuite></testsuites>