<?xml version="1.0" encoding="utf-8"?><testsuites name="pytest tests"><testsuite name="pytest" errors="0" failures="0" skipped="0" tests="21" time="24.243" timestamp="2026-09-10T07:24:50.251771+00:00" hostname="agent-env-32b6130e-aa37-4e39-adf4-80664b6ba9ec"><testcase classname="test_service_api" name="test_health" time="0.003" /><testcase classname="test_service_api" name="test_static_index_served" time="0.002" /><testcase classname="test_service_api" name="test_login_wrong_password" time="0.056" /><testcase classname="test_service_api" name="test_protected_without_token_401" time="0.005" /><testcase classname="test_service_api" name="test_state_keys" time="0.112" /><testcase classname="test_service_api" name="test_counts" time="0.001" /><testcase classname="test_service_api" name="test_events_filters" time="0.002" /><testcase classname="test_service_api" name="test_line_set" time="0.003" /><testcase classname="test_service_api" name="test_swap" time="0.004" /><testcase classname="test_service_api" name="test_options_filter_invalid_classes" time="0.004" /><testcase classname="test_service_api" name="test_settings_roundtrip" time="0.004" /><testcase classname="test_service_api" name="test_password_change_and_restore" time="0.389" /><testcase classname="test_service_api" name="test_camera_test_unreachable" time="3.005" /><testcase classname="test_service_api" name="test_camera_test_missing_url" time="0.002" /><testcase classname="test_service_api" name="test_camera_connect_disconnect" time="15.037" /><testcase classname="test_service_api" name="test_stream_headers" time="0.002" /><testcase classname="test_service_api" name="test_snapshot_forbidden_outside" time="0.002" /><testcase classname="test_service_api" name="test_snapshot_not_found_inside" time="0.003" /><testcase classname="test_service_api" name="test_whatsapp_fake_key" time="1.741" /><testcase classname="test_service_api" name="test_update_check" time="0.002" /><testcase classname="test_worker_restart" name="test_restart_stops_old_loop_and_releases_old_camera" time="3.514" /></testsuite></testsuites>