<?xml version="1.0" encoding="utf-8"?><testsuites name="pytest tests"><testsuite name="pytest" errors="0" failures="0" skipped="0" tests="47" time="28.248" timestamp="2026-09-06T07:13:52.166921+00:00" hostname="agent-env-32b6130e-aa37-4e39-adf4-80664b6ba9ec"><testcase classname="test_service_api" name="test_health" time="0.003" /><testcase classname="test_service_api" name="test_static_index_served" time="0.002" /><testcase classname="test_service_api" name="test_login_wrong_password" time="0.057" /><testcase classname="test_service_api" name="test_protected_without_token_401" time="0.005" /><testcase classname="test_service_api" name="test_state_keys" time="0.112" /><testcase classname="test_service_api" name="test_counts" time="0.002" /><testcase classname="test_service_api" name="test_events_filters" time="0.003" /><testcase classname="test_service_api" name="test_line_set" time="0.003" /><testcase classname="test_service_api" name="test_swap" time="0.004" /><testcase classname="test_service_api" name="test_options_filter_invalid_classes" time="0.004" /><testcase classname="test_service_api" name="test_settings_roundtrip" time="0.006" /><testcase classname="test_service_api" name="test_password_change_and_restore" time="0.392" /><testcase classname="test_service_api" name="test_camera_test_unreachable" time="3.006" /><testcase classname="test_service_api" name="test_camera_test_missing_url" time="0.002" /><testcase classname="test_service_api" name="test_camera_connect_disconnect" time="17.265" /><testcase classname="test_service_api" name="test_stream_headers" time="0.002" /><testcase classname="test_service_api" name="test_snapshot_forbidden_outside" time="0.002" /><testcase classname="test_service_api" name="test_snapshot_not_found_inside" time="0.003" /><testcase classname="test_service_api" name="test_whatsapp_fake_key" time="1.289" /><testcase classname="test_service_api" name="test_update_check" time="0.002" /><testcase classname="test_tracker_false_crossings" name="test_far_vehicle_cannot_steal_parked_truck_track" time="0.001" /><testcase classname="test_tracker_false_crossings" name="test_real_crossing_on_the_segment_counts_once" time="0.001" /><testcase classname="test_tracker_false_crossings" name="test_crossing_the_infinite_line_but_not_the_segment_is_ignored" time="0.000" /><testcase classname="test_tracker_false_crossings" name="test_same_direction_twice_without_return_is_one_event" time="0.001" /><testcase classname="test_tracker_false_crossings" name="test_hits_segment_geometry" time="0.000" /><testcase classname="test_tracker_false_crossings" name="test_engine_drops_recreated_track_duplicate" time="0.073" /><testcase classname="test_tracker_false_crossings" name="test_ignore_zone_blocks_counting_and_hint_flags_parked_vehicle" time="0.135" /><testcase classname="test_tracker_false_crossings" name="test_line_hints_edge_and_parked_vehicle" time="0.018" /><testcase classname="test_engine" name="test_line_crossing_logs_event" time="0.027" /><testcase classname="test_engine" name="test_direction_mapping" time="0.000" /><testcase classname="test_engine" name="test_tracker_ids_persist" time="0.000" /><testcase classname="test_engine" name="test_real_yolo_if_available" time="2.114" /><testcase classname="test_engine" name="test_auth_password" time="0.163" /><testcase classname="test_engine" name="test_whatsapp_payload" time="0.001" /><testcase classname="test_engine" name="test_whatsapp_disabled_noop" time="0.201" /><testcase classname="test_engine" name="test_updater_version_compare" time="0.001" /><testcase classname="test_engine" name="test_normalize_rtsp_url" time="0.001" /><testcase classname="test_engine" name="test_probe_rtsp" time="3.004" /><testcase classname="test_engine" name="test_updater_404_and_default_repo" time="0.000" /><testcase classname="test_engine" name="test_updater_token_and_private_repo" time="0.000" /><testcase classname="test_engine" name="test_ffmpeg_pipe_source" time="0.017" /><testcase classname="test_engine" name="test_ensure_std_streams" time="0.001" /><testcase classname="test_engine" name="test_time_window_and_wa_schedule" time="0.000" /><testcase classname="test_engine" name="test_db_purge_retention" time="0.030" /><testcase classname="test_engine" name="test_updater_pick_asset" time="0.000" /><testcase classname="test_engine" name="test_updater_zip_root" time="0.001" /><testcase classname="test_engine" name="test_whatsapp_image_sendfile" time="0.001" /></testsuite></testsuites>