<?xml version="1.0" encoding="utf-8"?><testsuites name="pytest tests"><testsuite name="pytest" errors="0" failures="0" skipped="0" tests="10" time="14.111" timestamp="2026-09-02T14:26:33.831428+00:00" hostname="agent-env-32b6130e-aa37-4e39-adf4-80664b6ba9ec"><testcase classname="tests.test_iter14_plate_12h" name="test_direct_format_and_crop_suite" time="0.280" /><testcase classname="tests.test_iter14_plate_12h" name="test_plate_reader_warmup" time="3.741" /><testcase classname="tests.test_iter14_plate_12h" name="test_plate_reader_reads_synthetic_plate" time="5.495" /><testcase classname="tests.test_iter14_plate_12h" name="test_engine_e2e_event_flow" time="3.732" /><testcase classname="tests.test_iter14_plate_12h" name="test_seeded_event_appears_in_api_with_plate" time="0.154" /><testcase classname="tests.test_iter14_plate_12h" name="test_workflow_yaml_easyocr_bundling" time="0.005" /><testcase classname="tests.test_iter14_plate_12h" name="test_state_requires_auth" time="0.002" /><testcase classname="tests.test_iter14_plate_12h" name="test_state_authenticated" time="0.002" /><testcase classname="tests.test_iter14_plate_12h" name="test_frame_404_when_disconnected" time="0.504" /><testcase classname="tests.test_iter14_plate_12h" name="test_outbox_endpoint" time="0.007" /></testsuite></testsuites>