<?xml version="1.0" encoding="utf-8"?><testsuites name="pytest tests"><testsuite name="pytest" errors="0" failures="0" skipped="0" tests="116" time="52.477" timestamp="2026-09-04T07:49:56.229692+00:00" hostname="agent-env-32b6130e-aa37-4e39-adf4-80664b6ba9ec"><testcase classname="test_ai_health" name="test_selftest_failure_disables_ai_and_marks_error" time="0.002" /><testcase classname="test_ai_health" name="test_selftest_ok_records_ms" time="0.000" /><testcase classname="test_ai_health" name="test_per_frame_error_is_rate_limited" time="0.004" /><testcase classname="test_ai_health" name="test_state_and_diagnostics_expose_ai_fields" time="2.036" /><testcase classname="test_ai_health" name="test_selftest_entrypoint_returns_0_with_real_model" time="4.243" /><testcase classname="test_ai_health" name="test_selftest_entrypoint_returns_1_when_yolo_broken" time="2.049" /><testcase classname="test_builtin_token" name="test_effective_token_precedence" time="0.001" /><testcase classname="test_builtin_token" name="test_sed_anchor_matches_ci_pattern" time="0.007" /><testcase classname="test_builtin_token" name="test_service_uses_baked_token_and_exposes_flag" time="0.008" /><testcase classname="test_capture_fixes" name="test_gate_entry_counted_with_bottom_center" time="0.000" /><testcase classname="test_capture_fixes" name="test_occluded_gate_vehicle_appears_past_line_still_counted" time="0.000" /><testcase classname="test_capture_fixes" name="test_vehicle_far_from_line_moving_is_not_counted" time="0.000" /><testcase classname="test_capture_fixes" name="test_big_fast_vehicle_keeps_track_id" time="0.000" /><testcase classname="test_capture_fixes" name="test_migrate_legacy_data_copies_once" time="0.002" /><testcase classname="test_capture_fixes" name="test_snapshot_save_failure_still_logs_event_and_notifies" time="0.013" /><testcase classname="test_capture_fixes" name="test_diagnostics_endpoint" time="0.004" /><testcase classname="test_capture_toast" name="test_on_event_exposed_in_state" time="0.007" /><testcase classname="test_capture_toast" name="test_engine_wires_on_event" time="0.002" /><testcase classname="test_detection_strength" name="test_same_vehicle_exit_then_entry_counts_twice" time="0.001" /><testcase classname="test_detection_strength" name="test_jitter_at_line_does_not_double_count" time="0.000" /><testcase classname="test_detection_strength" name="test_quick_bounce_within_gap_not_counted" time="0.000" /><testcase classname="test_detection_strength" name="test_truck_label_voting" time="0.000" /><testcase classname="test_detection_strength" name="test_resolve_model_paths" time="0.001" /><testcase classname="test_detection_strength" name="test_accurate_model_detects_bus_and_is_agnostic" time="0.539" /><testcase classname="test_detection_strength" name="test_options_endpoint_model_and_confidence" time="0.005" /><testcase classname="test_engine" name="test_line_crossing_logs_event" time="0.014" /><testcase classname="test_engine" name="test_direction_mapping" time="0.000" /><testcase classname="test_engine" name="test_tracker_ids_persist" time="0.000" /><testcase classname="test_engine" name="test_real_yolo_if_available" time="0.306" /><testcase classname="test_engine" name="test_auth_password" time="0.221" /><testcase classname="test_engine" name="test_whatsapp_payload" time="0.001" /><testcase classname="test_engine" name="test_whatsapp_disabled_noop" time="0.201" /><testcase classname="test_engine" name="test_updater_version_compare" time="0.000" /><testcase classname="test_engine" name="test_normalize_rtsp_url" time="0.000" /><testcase classname="test_engine" name="test_probe_rtsp" time="3.004" /><testcase classname="test_engine" name="test_updater_404_and_default_repo" time="0.000" /><testcase classname="test_engine" name="test_updater_token_and_private_repo" time="0.000" /><testcase classname="test_engine" name="test_ffmpeg_pipe_source" time="0.014" /><testcase classname="test_engine" name="test_ensure_std_streams" time="0.001" /><testcase classname="test_engine" name="test_time_window_and_wa_schedule" time="0.000" /><testcase classname="test_engine" name="test_db_purge_retention" time="0.022" /><testcase classname="test_engine" name="test_updater_pick_asset" time="0.000" /><testcase classname="test_engine" name="test_updater_zip_root" time="0.001" /><testcase classname="test_engine" name="test_whatsapp_image_sendfile" time="0.001" /><testcase classname="test_iter5_diagnostics" name="test_ffmpeg_opts_contents" time="0.000" /><testcase classname="test_iter5_diagnostics" name="test_try_capture_sets_env_and_default_wait" time="5.623" /><testcase classname="test_iter5_diagnostics" name="test_try_capture_no_frames_message_includes_wait" time="0.001" /><testcase classname="test_iter5_diagnostics" name="test_clog_writes_timestamped" time="0.001" /><testcase classname="test_iter5_diagnostics" name="test_probe_writes_start_and_unreachable" time="3.005" /><testcase classname="test_iter5_diagnostics" name="test_main_py_inspection" time="0.006" /><testcase classname="test_iter6_ffmpeg_fallback" name="test_ffmpeg_pipe_source_lavfi_multiple_frames" time="0.319" /><testcase classname="test_iter6_ffmpeg_fallback" name="test_ffmpeg_err_and_camera_log_written" time="0.027" /><testcase classname="test_iter6_ffmpeg_fallback" name="test_try_ffmpeg_pipe_unreachable_returns_false_fast" time="5.008" /><testcase classname="test_iter6_ffmpeg_fallback" name="test_probe_rtsp_source_has_ffmpeg_step" time="0.001" /><testcase classname="test_iter6_ffmpeg_fallback" name="test_probe_rtsp_unreachable_still_early_returns" time="3.004" /><testcase classname="test_iter6_ffmpeg_fallback" name="test_main_py_ffmpeg_fallback_wiring" time="0.005" /><testcase classname="test_iter6_ffmpeg_fallback" name="test_requirements_has_imageio_ffmpeg" time="0.000" /><testcase classname="test_iter6_ffmpeg_fallback" name="test_workflow_collect_binaries_and_yaml_valid" time="0.006" /><testcase classname="test_iter6_ffmpeg_fallback" name="test_readme_pyinstaller_collect_binaries" time="0.001" /><testcase classname="test_iter7_updater_private_repo" name="test_check_latest_404_returns_empty" time="0.000" /><testcase classname="test_iter7_updater_private_repo" name="test_check_latest_403_raises_helpful" time="0.000" /><testcase classname="test_iter7_updater_private_repo" name="test_check_latest_401_raises_helpful" time="0.000" /><testcase classname="test_iter7_updater_private_repo" name="test_check_latest_500_raises" time="0.000" /><testcase classname="test_iter7_updater_private_repo" name="test_check_latest_token_uses_api_asset_url_and_strips_tag" time="0.000" /><testcase classname="test_iter7_updater_private_repo" name="test_check_latest_no_token_uses_browser_download_url" time="0.000" /><testcase classname="test_iter7_updater_private_repo" name="test_api_sends_bearer_when_token" time="0.000" /><testcase classname="test_iter7_updater_private_repo" name="test_download_sends_bearer_and_octet" time="0.001" /><testcase classname="test_iter7_updater_private_repo" name="test_live_microsoft_terminal_has_release" time="0.195" /><testcase classname="test_iter7_updater_private_repo" name="test_live_repo_without_releases_returns_empty" time="0.177" /><testcase classname="test_iter7_updater_private_repo" name="test_main_py_compiles" time="0.042" /><testcase classname="test_iter7_updater_private_repo" name="test_main_updates_tab_has_gh_token_input" time="0.001" /><testcase classname="test_iter7_updater_private_repo" name="test_main_no_repo_input_in_updates_tab" time="0.000" /><testcase classname="test_iter7_updater_private_repo" name="test_main_save_persists_gh_token" time="0.000" /><testcase classname="test_iter7_updater_private_repo" name="test_main_check_update_passes_token" time="0.000" /><testcase classname="test_iter7_updater_private_repo" name="test_main_no_release_dialog_mentions_private_and_token_steps" time="0.000" /><testcase classname="test_iter7_updater_private_repo" name="test_config_defaults_has_gh_token" time="0.000" /><testcase classname="test_iter7_updater_private_repo" name="test_updater_has_sed_target_lines" time="0.000" /><testcase classname="test_iter7_updater_private_repo" name="test_updater_sed_bake_simulation" time="0.062" /><testcase classname="test_live_e2e" name="test_worker_live_loop_logs_both_crossings" time="12.565" /><testcase classname="test_live_reader" name="test_slow_consumer_gets_newest_frame_and_decoder_keeps_running" time="1.208" /><testcase classname="test_live_reader" name="test_read_times_out_when_source_dies" time="0.403" /><testcase classname="test_live_reader" name="test_fast_consumer_never_misses_when_keeping_up" time="0.512" /><testcase classname="test_live_reader" name="test_codec_name_and_ffmpeg_opts" time="0.001" /><testcase classname="test_live_reader" name="test_worker_wraps_only_live_sources" time="0.011" /><testcase classname="test_substream" name="test_substream_url_brands[rtsp://admin:Bittu@123@192.168.1.64:554/Streaming/Channels/101-rtsp://admin:Bittu@123@192.168.1.64:554/Streaming/Channels/102]" time="0.001" /><testcase classname="test_substream" name="test_substream_url_brands[rtsp://u:p@10.0.0.5/Streaming/Channels/201/-rtsp://u:p@10.0.0.5/Streaming/Channels/202/]" time="0.000" /><testcase classname="test_substream" name="test_substream_url_brands[rtsp://u:p@10.0.0.5:554/Streaming/Channels/101?transportmode=unicast-rtsp://u:p@10.0.0.5:554/Streaming/Channels/102?transportmode=unicast]" time="0.000" /><testcase classname="test_substream" name="test_substream_url_brands[rtsp://u:p@cam/h264/ch1/main/av_stream-rtsp://u:p@cam/h264/ch1/sub/av_stream]" time="0.001" /><testcase classname="test_substream" name="test_substream_url_brands[rtsp://admin:pw@192.168.1.108:554/cam/realmonitor?channel=1&amp;subtype=0-rtsp://admin:pw@192.168.1.108:554/cam/realmonitor?channel=1&amp;subtype=1]" time="0.001" /><testcase classname="test_substream" name="test_substream_url_brands[rtsp://admin:pw@192.168.1.108:554/cam/realmonitor?channel=1-rtsp://admin:pw@192.168.1.108:554/cam/realmonitor?channel=1&amp;subtype=1]" time="0.000" /><testcase classname="test_substream" name="test_substream_url_brands[rtsp://u:p@cam/h264Preview_01_main-rtsp://u:p@cam/h264Preview_01_sub]" time="0.000" /><testcase classname="test_substream" name="test_substream_url_brands[rtsp://u:p@cam/media/video1-rtsp://u:p@cam/media/video2]" time="0.000" /><testcase classname="test_substream" name="test_substream_url_brands[rtsp://u:p@cam:554/stream1-rtsp://u:p@cam:554/stream2]" time="0.000" /><testcase classname="test_substream" name="test_substream_url_brands[rtsp://u:p@cam/live/main-rtsp://u:p@cam/live/sub]" time="0.000" /><testcase classname="test_substream" name="test_substream_url_none_when_unknown_or_already_sub[rtsp://u:p@cam/Streaming/Channels/102]" time="0.000" /><testcase classname="test_substream" name="test_substream_url_none_when_unknown_or_already_sub[rtsp://u:p@cam/cam/realmonitor?channel=1&amp;subtype=1]" time="0.000" /><testcase classname="test_substream" name="test_substream_url_none_when_unknown_or_already_sub[rtsp://u:p@cam/h264/ch1/sub/av_stream]" time="0.000" /><testcase classname="test_substream" name="test_substream_url_none_when_unknown_or_already_sub[rtsp://u:p@cam/unknown/path]" time="0.000" /><testcase classname="test_substream" name="test_substream_url_none_when_unknown_or_already_sub[]" time="0.000" /><testcase classname="test_substream" name="test_state_suggests_substream_only_for_live_hevc" time="0.007" /><testcase classname="test_substream" name="test_switch_and_revert_endpoints" time="0.009" /><testcase classname="test_update_badge" name="test_state_badge_fields" time="0.010" /><testcase classname="test_update_badge" name="test_dev_mode_no_repo_skips" time="0.000" /><testcase classname="test_update_progress" name="test_progress_reported_and_finishes" time="0.529" /><testcase classname="test_update_progress" name="test_second_apply_returns_running_job_and_cancel_works" time="0.362" /><testcase classname="test_update_progress" name="test_download_error_reported" time="0.005" /><testcase classname="test_update_progress" name="test_updater_download_stop_and_progress_without_total" time="0.001" /><testcase classname="test_wa_groups" name="test_group_id_normalization" time="0.000" /><testcase classname="test_wa_groups" name="test_recipients_merge_numbers_and_groups" time="0.001" /><testcase classname="test_wa_groups" name="test_text_and_image_route_to_group_endpoints" time="0.007" /><testcase classname="test_wa_groups" name="test_list_groups" time="0.002" /><testcase classname="test_wa_groups" name="test_outbox_queues_and_flushes_group_recipient" time="0.091" /><testcase classname="test_wa_groups" name="test_settings_and_groups_endpoint" time="0.510" /><testcase classname="test_wa_key" name="test_wa_key_visible_and_stripped" time="0.011" /><testcase classname="test_wa_key" name="test_explain_gives_actionable_hint" time="0.000" /><testcase classname="test_worker_restart" name="test_restart_stops_old_loop_and_releases_old_camera" time="3.513" /></testsuite></testsuites>