<?xml version="1.0" encoding="utf-8"?><testsuites name="pytest tests"><testsuite name="pytest" errors="0" failures="1" skipped="0" tests="20" time="19.935" timestamp="2026-08-26T18:12:47.297355+00:00" hostname="agent-env-32b6130e-aa37-4e39-adf4-80664b6ba9ec"><testcase classname="test_service_api" name="test_health" time="0.003" /><testcase classname="test_service_api" name="test_static_index_served" time="0.002" /><testcase classname="test_service_api" name="test_login_wrong_password" time="0.056" /><testcase classname="test_service_api" name="test_protected_without_token_401" time="0.005" /><testcase classname="test_service_api" name="test_state_keys" time="0.059" /><testcase classname="test_service_api" name="test_counts" time="0.002" /><testcase classname="test_service_api" name="test_events_filters" time="0.003" /><testcase classname="test_service_api" name="test_line_set" time="0.003" /><testcase classname="test_service_api" name="test_swap" time="0.005" /><testcase classname="test_service_api" name="test_options_filter_invalid_classes" time="0.005" /><testcase classname="test_service_api" name="test_settings_roundtrip" time="0.006" /><testcase classname="test_service_api" name="test_password_change_and_restore" time="0.288" /><testcase classname="test_service_api" name="test_camera_test_unreachable" time="3.005"><failure message="AssertionError: assert (True and 2 &gt;= 3)&#10; +  where True = isinstance([{'name': 'URL check', 'ok': True, 'detail': 'URL format theek hai'}, {'name': 'Camera network (192.0.2.1:554)', 'ok': False, 'detail': 'Camera tak pahunch nahi paa rahe. Check: IP sahi hai? Camera on hai? PC aur camera same network/WiFi par hain? (timed out)'}], list)&#10; +  and   2 = len([{'name': 'URL check', 'ok': True, 'detail': 'URL format theek hai'}, {'name': 'Camera network (192.0.2.1:554)', 'ok': False, 'detail': 'Camera tak pahunch nahi paa rahe. Check: IP sahi hai? Camera on hai? PC aur camera same network/WiFi par hain? (timed out)'}])">test_service_api.py:166: in test_camera_test_unreachable
    assert isinstance(j["steps"], list) and len(j["steps"]) &gt;= 3
E   AssertionError: assert (True and 2 &gt;= 3)
E    +  where True = isinstance([{'name': 'URL check', 'ok': True, 'detail': 'URL format theek hai'}, {'name': 'Camera network (192.0.2.1:554)', 'ok': False, 'detail': 'Camera tak pahunch nahi paa rahe. Check: IP sahi hai? Camera on hai? PC aur camera same network/WiFi par hain? (timed out)'}], list)
E    +  and   2 = len([{'name': 'URL check', 'ok': True, 'detail': 'URL format theek hai'}, {'name': 'Camera network (192.0.2.1:554)', 'ok': False, 'detail': 'Camera tak pahunch nahi paa rahe. Check: IP sahi hai? Camera on hai? PC aur camera same network/WiFi par hain? (timed out)'}])</failure></testcase><testcase classname="test_service_api" name="test_camera_test_missing_url" time="0.002" /><testcase classname="test_service_api" name="test_camera_connect_disconnect" time="15.839" /><testcase classname="test_service_api" name="test_stream_headers" time="0.002" /><testcase classname="test_service_api" name="test_snapshot_forbidden_outside" time="0.002" /><testcase classname="test_service_api" name="test_snapshot_not_found_inside" time="0.003" /><testcase classname="test_service_api" name="test_whatsapp_fake_key" time="0.532" /><testcase classname="test_service_api" name="test_update_check" time="0.002" /></testsuite></testsuites>