<?xml version="1.0" encoding="utf-8"?><testsuites name="pytest tests"><testsuite name="pytest" errors="0" failures="0" skipped="0" tests="12" time="4.425" timestamp="2026-08-26T19:14:13.872326+00:00" hostname="agent-env-32b6130e-aa37-4e39-adf4-80664b6ba9ec"><testcase classname="tests.test_security_iter11" name="test_login_default_returns_must_change" time="0.116" /><testcase classname="tests.test_security_iter11" name="test_login_wrong_password" time="0.060" /><testcase classname="tests.test_security_iter11" name="test_settings_secrets_masked" time="0.122" /><testcase classname="tests.test_security_iter11" name="test_logout_invalidates_token" time="0.116" /><testcase classname="tests.test_security_iter11" name="test_token_ttl_constant_present" time="0.000" /><testcase classname="tests.test_security_iter11" name="test_token_expiry_simulated" time="0.368" /><testcase classname="tests.test_security_iter11" name="test_cors_evil_origin_rejected" time="0.002" /><testcase classname="tests.test_security_iter11" name="test_cors_null_origin_allowed" time="0.001" /><testcase classname="tests.test_security_iter11" name="test_camera_test_redacts_credentials" time="3.506" /><testcase classname="tests.test_security_iter11" name="test_whatsapp_test_graceful_with_empty" time="0.002" /><testcase classname="tests.test_security_iter11" name="test_electron_open_path_allowlist" time="0.000" /><testcase classname="tests.test_security_iter11" name="test_index_html_csp_and_no_google_fonts" time="0.056" /></testsuite></testsuites>