<?xml version="1.0" encoding="utf-8"?><testsuites name="pytest tests"><testsuite name="pytest" errors="0" failures="0" skipped="0" tests="11" time="26.337" timestamp="2026-09-02T14:00:04.968029+00:00" hostname="agent-env-32b6130e-aa37-4e39-adf4-80664b6ba9ec"><testcase classname="tests.test_frame_ptz_watchdog" name="test_frame_no_token_401" time="0.003" /><testcase classname="tests.test_frame_ptz_watchdog" name="test_frame_with_token_when_disconnected_404" time="1.615" /><testcase classname="tests.test_frame_ptz_watchdog" name="test_frame_state_frame_age_null_when_disconnected" time="0.002" /><testcase classname="tests.test_frame_ptz_watchdog" name="test_connect_and_frame_200_jpeg" time="1.672" /><testcase classname="tests.test_frame_ptz_watchdog" name="test_frame_age_populated_when_streaming" time="0.002" /><testcase classname="tests.test_frame_ptz_watchdog" name="test_two_frames_differ" time="1.003" /><testcase classname="tests.test_frame_ptz_watchdog" name="test_watchdog_reconnects_on_short_clip" time="21.010" /><testcase classname="tests.test_frame_ptz_watchdog" name="test_ptz_unreachable_returns_supported_false" time="0.062" /><testcase classname="tests.test_frame_ptz_watchdog" name="test_camera_connect_resets_ptz_cache" time="0.003" /><testcase classname="tests.test_frame_ptz_watchdog" name="test_ptz_module_direct_6_of_6" time="0.914" /><testcase classname="tests.test_frame_ptz_watchdog" name="test_zzz_cleanup" time="0.003" /></testsuite></testsuites>