<?xml version="1.0" encoding="utf-8"?><testsuites name="pytest tests"><testsuite name="pytest" errors="0" failures="0" skipped="0" tests="51" time="23.473" timestamp="2026-08-17T07:25:54.039593+00:00" hostname="agent-env-32b6130e-aa37-4e39-adf4-80664b6ba9ec"><testcase classname="test_engine" name="test_line_crossing_logs_event" time="0.014" /><testcase classname="test_engine" name="test_direction_mapping" time="0.000" /><testcase classname="test_engine" name="test_tracker_ids_persist" time="0.000" /><testcase classname="test_engine" name="test_real_yolo_if_available" time="2.762" /><testcase classname="test_engine" name="test_auth_password" time="0.181" /><testcase classname="test_engine" name="test_whatsapp_payload" time="0.001" /><testcase classname="test_engine" name="test_whatsapp_disabled_noop" time="0.201" /><testcase classname="test_engine" name="test_updater_version_compare" time="0.001" /><testcase classname="test_engine" name="test_normalize_rtsp_url" time="0.001" /><testcase classname="test_engine" name="test_probe_rtsp" time="3.003" /><testcase classname="test_engine" name="test_updater_404_and_default_repo" time="0.001" /><testcase classname="test_engine" name="test_updater_token_and_private_repo" time="0.000" /><testcase classname="test_engine" name="test_ffmpeg_pipe_source" time="0.026" /><testcase classname="test_engine" name="test_ensure_std_streams" time="0.001" /><testcase classname="test_engine" name="test_updater_pick_asset" time="0.003" /><testcase classname="test_engine" name="test_updater_zip_root" time="0.001" /><testcase classname="test_engine" name="test_whatsapp_image_sendfile" time="0.001" /><testcase classname="test_iter5_diagnostics" name="test_ffmpeg_opts_contents" time="0.001" /><testcase classname="test_iter5_diagnostics" name="test_try_capture_sets_env_and_default_wait" time="5.020" /><testcase classname="test_iter5_diagnostics" name="test_try_capture_no_frames_message_includes_wait" time="0.001" /><testcase classname="test_iter5_diagnostics" name="test_clog_writes_timestamped" time="0.001" /><testcase classname="test_iter5_diagnostics" name="test_probe_writes_start_and_unreachable" time="3.004" /><testcase classname="test_iter5_diagnostics" name="test_main_py_inspection" time="0.007" /><testcase classname="test_iter6_ffmpeg_fallback" name="test_ffmpeg_pipe_source_lavfi_multiple_frames" time="0.345" /><testcase classname="test_iter6_ffmpeg_fallback" name="test_ffmpeg_err_and_camera_log_written" time="0.035" /><testcase classname="test_iter6_ffmpeg_fallback" name="test_try_ffmpeg_pipe_unreachable_returns_false_fast" time="5.012" /><testcase classname="test_iter6_ffmpeg_fallback" name="test_probe_rtsp_source_has_ffmpeg_step" time="0.001" /><testcase classname="test_iter6_ffmpeg_fallback" name="test_probe_rtsp_unreachable_still_early_returns" time="3.003" /><testcase classname="test_iter6_ffmpeg_fallback" name="test_main_py_ffmpeg_fallback_wiring" time="0.008" /><testcase classname="test_iter6_ffmpeg_fallback" name="test_requirements_has_imageio_ffmpeg" time="0.001" /><testcase classname="test_iter6_ffmpeg_fallback" name="test_workflow_collect_binaries_and_yaml_valid" time="0.004" /><testcase classname="test_iter6_ffmpeg_fallback" name="test_readme_pyinstaller_collect_binaries" time="0.001" /><testcase classname="test_iter7_updater_private_repo" name="test_check_latest_404_returns_empty" time="0.001" /><testcase classname="test_iter7_updater_private_repo" name="test_check_latest_403_raises_helpful" time="0.000" /><testcase classname="test_iter7_updater_private_repo" name="test_check_latest_401_raises_helpful" time="0.000" /><testcase classname="test_iter7_updater_private_repo" name="test_check_latest_500_raises" time="0.000" /><testcase classname="test_iter7_updater_private_repo" name="test_check_latest_token_uses_api_asset_url_and_strips_tag" time="0.000" /><testcase classname="test_iter7_updater_private_repo" name="test_check_latest_no_token_uses_browser_download_url" time="0.000" /><testcase classname="test_iter7_updater_private_repo" name="test_api_sends_bearer_when_token" time="0.000" /><testcase classname="test_iter7_updater_private_repo" name="test_download_sends_bearer_and_octet" time="0.002" /><testcase classname="test_iter7_updater_private_repo" name="test_live_microsoft_terminal_has_release" time="0.210" /><testcase classname="test_iter7_updater_private_repo" name="test_live_repo_without_releases_returns_empty" time="0.192" /><testcase classname="test_iter7_updater_private_repo" name="test_main_py_compiles" time="0.047" /><testcase classname="test_iter7_updater_private_repo" name="test_main_updates_tab_has_gh_token_input" time="0.001" /><testcase classname="test_iter7_updater_private_repo" name="test_main_no_repo_input_in_updates_tab" time="0.000" /><testcase classname="test_iter7_updater_private_repo" name="test_main_save_persists_gh_token" time="0.000" /><testcase classname="test_iter7_updater_private_repo" name="test_main_check_update_passes_token" time="0.000" /><testcase classname="test_iter7_updater_private_repo" name="test_main_no_release_dialog_mentions_private_and_token_steps" time="0.000" /><testcase classname="test_iter7_updater_private_repo" name="test_config_defaults_has_gh_token" time="0.000" /><testcase classname="test_iter7_updater_private_repo" name="test_updater_has_sed_target_lines" time="0.001" /><testcase classname="test_iter7_updater_private_repo" name="test_updater_sed_bake_simulation" time="0.012" /></testsuite></testsuites>