<?xml version="1.0" encoding="utf-8"?><testsuites name="pytest tests"><testsuite name="pytest" errors="0" failures="0" skipped="0" tests="13" time="19.460" timestamp="2026-09-03T15:53:49.368988+00:00" hostname="agent-env-32b6130e-aa37-4e39-adf4-80664b6ba9ec"><testcase classname="test_live_reader" name="test_slow_consumer_gets_newest_frame_and_decoder_keeps_running" time="1.208" /><testcase classname="test_live_reader" name="test_read_times_out_when_source_dies" time="0.403" /><testcase classname="test_live_reader" name="test_fast_consumer_never_misses_when_keeping_up" time="0.512" /><testcase classname="test_live_reader" name="test_codec_name_and_ffmpeg_opts" time="0.000" /><testcase classname="test_live_reader" name="test_worker_wraps_only_live_sources" time="0.011" /><testcase classname="test_live_e2e" name="test_worker_live_loop_logs_both_crossings" time="16.623" /><testcase classname="test_capture_fixes" name="test_gate_entry_counted_with_bottom_center" time="0.001" /><testcase classname="test_capture_fixes" name="test_occluded_gate_vehicle_appears_past_line_still_counted" time="0.000" /><testcase classname="test_capture_fixes" name="test_vehicle_far_from_line_moving_is_not_counted" time="0.000" /><testcase classname="test_capture_fixes" name="test_big_fast_vehicle_keeps_track_id" time="0.000" /><testcase classname="test_capture_fixes" name="test_migrate_legacy_data_copies_once" time="0.002" /><testcase classname="test_capture_fixes" name="test_snapshot_save_failure_still_logs_event_and_notifies" time="0.014" /><testcase classname="test_capture_fixes" name="test_diagnostics_endpoint" time="0.252" /></testsuite></testsuites>