<?xml version="1.0" encoding="utf-8"?><testsuites name="pytest tests"><testsuite name="pytest" errors="0" failures="0" skipped="0" tests="19" time="11.487" timestamp="2026-08-26T19:02:09.113339+00:00" hostname="agent-env-32b6130e-aa37-4e39-adf4-80664b6ba9ec"><testcase classname="test_engine" name="test_line_crossing_logs_event" time="0.061" /><testcase classname="test_engine" name="test_direction_mapping" time="0.000" /><testcase classname="test_engine" name="test_tracker_ids_persist" time="0.000" /><testcase classname="test_engine" name="test_real_yolo_if_available" time="7.671" /><testcase classname="test_engine" name="test_auth_password" time="0.166" /><testcase classname="test_engine" name="test_whatsapp_payload" time="0.006" /><testcase classname="test_engine" name="test_whatsapp_disabled_noop" time="0.201" /><testcase classname="test_engine" name="test_updater_version_compare" time="0.001" /><testcase classname="test_engine" name="test_normalize_rtsp_url" time="0.001" /><testcase classname="test_engine" name="test_probe_rtsp" time="3.004" /><testcase classname="test_engine" name="test_updater_404_and_default_repo" time="0.001" /><testcase classname="test_engine" name="test_updater_token_and_private_repo" time="0.000" /><testcase classname="test_engine" name="test_ffmpeg_pipe_source" time="0.106" /><testcase classname="test_engine" name="test_ensure_std_streams" time="0.002" /><testcase classname="test_engine" name="test_time_window_and_wa_schedule" time="0.001" /><testcase classname="test_engine" name="test_db_purge_retention" time="0.021" /><testcase classname="test_engine" name="test_updater_pick_asset" time="0.001" /><testcase classname="test_engine" name="test_updater_zip_root" time="0.001" /><testcase classname="test_engine" name="test_whatsapp_image_sendfile" time="0.001" /></testsuite></testsuites>