<?xml version="1.0" encoding="utf-8"?><testsuites name="pytest tests"><testsuite name="pytest" errors="0" failures="0" skipped="0" tests="12" time="9.214" timestamp="2026-09-02T13:23:51.988543+00:00" hostname="agent-env-32b6130e-aa37-4e39-adf4-80664b6ba9ec"><testcase classname="tests.test_service_api_outbox" name="test_outbox_requires_auth" time="0.003" /><testcase classname="tests.test_service_api_outbox" name="test_state_requires_auth" time="0.002" /><testcase classname="tests.test_service_api_outbox" name="test_counts_requires_auth" time="0.001" /><testcase classname="tests.test_service_api_outbox" name="test_outbox_shape" time="0.282" /><testcase classname="tests.test_service_api_outbox" name="test_state_has_outbox_pending" time="0.002" /><testcase classname="tests.test_service_api_outbox" name="test_counts_has_outbox_pending" time="0.002" /><testcase classname="tests.test_service_api_outbox" name="test_events_endpoint" time="0.002" /><testcase classname="tests.test_service_api_outbox" name="test_settings_get_masks_secrets" time="0.001" /><testcase classname="tests.test_service_api_outbox" name="test_settings_save_roundtrip" time="0.004" /><testcase classname="tests.test_service_api_outbox" name="test_direct_db_outbox_reflected_in_counts" time="0.022" /><testcase classname="tests.test_service_api_outbox" name="test_outbox_loop_delivers_via_mock" time="8.535" /><testcase classname="tests.test_service_api_outbox" name="test_zzz_restore_default_password" time="0.279" /></testsuite></testsuites>