<?xml version="1.0" encoding="utf-8"?><testsuites name="pytest tests"><testsuite name="pytest" errors="0" failures="0" skipped="0" tests="7" time="1.056" timestamp="2026-09-03T12:17:14.114811+00:00" hostname="agent-env-32b6130e-aa37-4e39-adf4-80664b6ba9ec"><testcase classname="tests.test_wa_key_visibility" name="test_login" time="0.122" /><testcase classname="tests.test_wa_key_visibility" name="test_get_settings_shape" time="0.002" /><testcase classname="tests.test_wa_key_visibility" name="test_wa_api_key_strip_and_save" time="0.003" /><testcase classname="tests.test_wa_key_visibility" name="test_gh_token_not_cleared_by_empty" time="0.006" /><testcase classname="tests.test_wa_key_visibility" name="test_wa_api_key_empty_clears" time="0.004" /><testcase classname="tests.test_wa_key_visibility" name="test_whatsapp_test_bad_key_returns_hinglish" time="0.468" /><testcase classname="tests.test_wa_key_visibility" name="test_cleanup_restore_gh_token_and_password" time="0.114" /></testsuite></testsuites>